ixuntaClient/proguard-project.txt
-injars      bin\classes
-injars      libs
-outjars     bin\classes-processed.jar
-libraryjars d:\workspace\android-support-v7-appcompat\bin\android-support-v7-appcompat.jar
-libraryjars d:\workspace\simple-crop-image-lib\bin\simple-crop-image-lib.jar
-libraryjars e:\bck\java\lib\rt.jar

-dontpreverify
-repackageclasses ''
-allowaccessmodification
-optimizations !code/simplification/arithmetic
-keepattributes *Annotation*
-keepattributes Signature
-ignorewarnings

-dontshrink
-dontoptimize
#-dontobfuscate
-dontpreverify

-keep public class * extends android.app.Activity
-keep public class * extends android.app.Application
-keep public class * extends android.app.Service
-keep public class * extends android.content.BroadcastReceiver
-keep public class * extends android.content.ContentProvider
-keep public class com.ixunta.client.db.PubWithMemList

-keepnames class * implements java.io.Serializable

-keepclassmembers class * implements java.io.Serializable {
	<fields>;
}
-keepclassmembers class * implements android.os.Parcelable {
    static ** CREATOR;
}

-keepclassmembers class **.R$* {
    public static <fields>;
}

-keepclassmembers enum * {
    public static **[] values();
    public static ** valueOf(java.lang.String);
}

-keep class com.amap.** {*; } 
-keep class com.autonavi.** {*; }

-keepclasseswithmembernames class * {
    native <methods>;
}

-keep public class * extends android.view.View {
    public <init>(android.content.Context);
    public <init>(android.content.Context, android.util.AttributeSet);
    public <init>(android.content.Context, android.util.AttributeSet, int);
    public void set*(...);
}

-keep class * extends AsyncTask<MediaType, Void, String> {
    public protected String doInBackground(MediaType...);
}

-keepclasseswithmembers class * {
    public <init>(android.content.Context, android.util.AttributeSet);
}

-keepclasseswithmembers class * {
    public <init>(android.content.Context, android.util.AttributeSet, int);
}

-keepclassmembers class * extends android.content.Context {
   public void *(android.view.View);
   public void *(android.view.MenuItem);
}

-keepclassmembers class * implements android.os.Parcelable {
    static ** CREATOR;
}

-keepclassmembers class **.R$* {
    public static <fields>;
}

-keepclassmembers class * {
    @android.webkit.JavascriptInterface <methods>;
}