ixuntaClient/proguard/mapping.txt
com.ixunta.BuildConfig -> mM:
    boolean DEBUG -> a
com.ixunta.R -> mN:
com.ixunta.R$anim -> mO:
    int abc_fade_in -> abc_fade_in
    int abc_fade_out -> abc_fade_out
    int abc_slide_in_bottom -> abc_slide_in_bottom
    int abc_slide_in_top -> abc_slide_in_top
    int abc_slide_out_bottom -> abc_slide_out_bottom
    int abc_slide_out_top -> abc_slide_out_top
com.ixunta.R$array -> mP:
    int memberinfo_open_image_array -> memberinfo_open_image_array
com.ixunta.R$attr -> mQ:
    int actionBarDivider -> actionBarDivider
    int actionBarItemBackground -> actionBarItemBackground
    int actionBarSize -> actionBarSize
    int actionBarSplitStyle -> actionBarSplitStyle
    int actionBarStyle -> actionBarStyle
    int actionBarTabBarStyle -> actionBarTabBarStyle
    int actionBarTabStyle -> actionBarTabStyle
    int actionBarTabTextStyle -> actionBarTabTextStyle
    int actionBarWidgetTheme -> actionBarWidgetTheme
    int actionButtonStyle -> actionButtonStyle
    int actionDropDownStyle -> actionDropDownStyle
    int actionLayout -> actionLayout
    int actionMenuTextAppearance -> actionMenuTextAppearance
    int actionMenuTextColor -> actionMenuTextColor
    int actionModeBackground -> actionModeBackground
    int actionModeCloseButtonStyle -> actionModeCloseButtonStyle
    int actionModeCloseDrawable -> actionModeCloseDrawable
    int actionModeCopyDrawable -> actionModeCopyDrawable
    int actionModeCutDrawable -> actionModeCutDrawable
    int actionModeFindDrawable -> actionModeFindDrawable
    int actionModePasteDrawable -> actionModePasteDrawable
    int actionModePopupWindowStyle -> actionModePopupWindowStyle
    int actionModeSelectAllDrawable -> actionModeSelectAllDrawable
    int actionModeShareDrawable -> actionModeShareDrawable
    int actionModeSplitBackground -> actionModeSplitBackground
    int actionModeStyle -> actionModeStyle
    int actionModeWebSearchDrawable -> actionModeWebSearchDrawable
com.ixunta.R$bool -> mR:
    int abc_action_bar_embed_tabs_pre_jb -> abc_action_bar_embed_tabs_pre_jb
    int abc_action_bar_expanded_action_views_exclusive -> abc_action_bar_expanded_action_views_exclusive
    int abc_config_actionMenuItemAllCaps -> abc_config_actionMenuItemAllCaps
    int abc_config_allowActionMenuItemTextWithIcon -> abc_config_allowActionMenuItemTextWithIcon
    int abc_config_showMenuShortcutsWhenKeyboardPresent -> abc_config_showMenuShortcutsWhenKeyboardPresent
    int abc_split_action_bar_is_narrow -> abc_split_action_bar_is_narrow
com.ixunta.R$color -> mS:
    int abc_search_url_text_holo -> abc_search_url_text_holo
    int abc_search_url_text_normal -> abc_search_url_text_normal
    int abc_search_url_text_pressed -> abc_search_url_text_pressed
    int abc_search_url_text_selected -> abc_search_url_text_selected
    int actionbar_bg -> actionbar_bg
    int actionbar_text -> actionbar_text
    int actv_disabled -> actv_disabled
    int black -> black
    int black_semi_translucent -> black_semi_translucent
    int blue -> blue
    int bt_disabled -> bt_disabled
    int bt_pressed -> bt_pressed
    int bt_txt_disabled -> bt_txt_disabled
    int bt_txt_normal -> bt_txt_normal
    int color_btn_txt_default -> color_btn_txt_default
    int dark_green -> dark_green
    int gold -> gold
    int grey_dark -> grey_dark
    int grey_light -> grey_light
    int iwant_infowindow_text -> iwant_infowindow_text
    int iwant_tv_bg -> iwant_tv_bg
    int iwant_tv_text -> iwant_tv_text
    int light_blue -> light_blue
    int light_green -> light_green
    int light_grey_map_background -> light_grey_map_background
    int memberinfo_iv_bg -> memberinfo_iv_bg
    int memberinfo_iv_bg_stroke -> memberinfo_iv_bg_stroke
    int mytheme_color -> mytheme_color
    int orange -> orange
    int page_bg -> page_bg
    int rb_text -> rb_text
    int rb_text_highlight -> rb_text_highlight
    int red -> red
    int translucent -> translucent
    int transparent -> transparent
    int tv_default -> tv_default
...
com.amap.api.mapcore.util.v -> com.amap.api.mapcore.util.v:
    double[][] a -> a
    double[] a(double,double) -> a
    double a(double,double,double) -> a
com.amap.api.mapcore.v -> com.amap.api.mapcore.v:
    boolean a() -> a
    boolean b() -> b
    android.graphics.Rect c() -> c
    com.amap.api.maps.model.LatLng d() -> d
    com.amap.api.maps.model.LatLng e() -> e
    com.autonavi.amap.mapcore.IPoint f() -> f
    java.lang.String g() -> g
    int h() -> h
    void a(com.amap.api.maps.model.LatLng) -> a
    void a(java.lang.String) -> a
    java.lang.String i() -> i
    void a(com.amap.api.maps.model.BitmapDescriptor) -> a
    void a(float,float) -> a
    void b(java.lang.String) -> b
    java.lang.String j() -> j
    void a(boolean) -> a
    boolean k() -> k
    void l() -> l
    void m() -> m
    boolean n() -> n
    void b(boolean) -> b
    boolean o() -> o
    void p() -> p
    boolean a(com.amap.api.mapcore.v) -> a
    int q() -> q
    void a(javax.microedition.khronos.opengles.GL10,com.amap.api.mapcore.r) -> a
    void a(java.lang.Object) -> a
    java.lang.Object r() -> r
    int s() -> s
    void c(boolean) -> c
    boolean t() -> t
    void a(float) -> a
    void a(int) -> a
    int u() -> u
    void a(java.util.ArrayList) -> a
    java.util.ArrayList v() -> v
    boolean w() -> w
    void x() -> x
com.amap.api.mapcore.w -> com.amap.api.mapcore.w:
    void b() -> b
    java.lang.String c() -> c
    void a(float) -> a
    float d() -> d
    void a(boolean) -> a
    boolean e() -> e
    boolean a(com.amap.api.mapcore.w) -> a
    int f() -> f
    void g() -> g
    void a(javax.microedition.khronos.opengles.GL10) -> a
    void n() -> n
    boolean a() -> a
    boolean o() -> o
com.amap.api.mapcore.x -> com.amap.api.mapcore.x:
    void b(float) -> b
    float h() -> h
    void a(int) -> a
    int i() -> i
    void b(int) -> b
    void a(java.util.List) -> a
    java.util.List j() -> j
    int k() -> k
    boolean a(com.amap.api.maps.model.LatLng) -> a
com.amap.api.mapcore.y -> com.amap.api.mapcore.y:
    void b(float) -> b
    float h() -> h
    void a(int) -> a
    int i() -> i
    void a(java.util.List) -> a
    java.util.List j() -> j
    boolean k() -> k
    void b(boolean) -> b
    void c(boolean) -> c
    boolean l() -> l
com.amap.api.mapcore.z -> com.amap.api.mapcore.z:
    com.amap.api.maps.model.LatLng a(android.graphics.Point) -> a
    android.graphics.Point a(com.amap.api.maps.model.LatLng) -> a
    android.graphics.PointF b(com.amap.api.maps.model.LatLng) -> b
    com.amap.api.maps.model.VisibleRegion a() -> a
    float a(int) -> a