ixuntaClient/proguard/usage.txt
com.ixunta.BuildConfig
com.ixunta.R:
    10:10:public R()
com.ixunta.R$anim
com.ixunta.R$array
com.ixunta.R$attr
com.ixunta.R$bool
com.ixunta.R$color
com.ixunta.R$dimen
com.ixunta.R$drawable
com.ixunta.R$id
com.ixunta.R$integer
com.ixunta.R$layout
com.ixunta.R$menu
com.ixunta.R$raw
com.ixunta.R$string
com.ixunta.R$style
com.ixunta.R$styleable:
    1906:1906:public R$styleable()
com.ixunta.client.AbstractAsyncActivity:
    private android.app.ProgressDialog progressDialog
    47:48:public void showLoadingProgressDialog()
    51:58:public void showProgressDialog(java.lang.CharSequence)
    61:64:public void dismissProgressDialog()
com.ixunta.client.IWantActivity:
    public static final int MAP_ZOOM_DEFAULT
    private static final int CONS_LOC_UPDATE_TIME_THRESHOLD
    private static final int CONS_LOC_UPDATE_SPACE_THRESHOLD
    private static final int CONS_COMMON_DEST_RB_EACH_LINE
    private static final float CONS_REGEOCODER_RADIUS
    private static final int CONS_SEARCH_ITEM_NUM
    public static final int PUB_SERVICECODE_DEFAULT
com.ixunta.client.IWantActivity$DestinationTask:
    905:910:private IWantActivity$DestinationTask(com.ixunta.client.IWantActivity)
com.ixunta.client.IwantUApp:
    private static final java.lang.String PROPERTIES_MDN_NAME
    public static final java.lang.String ONTOLOGY_IMEI
    public static final java.lang.String ONTOLOGY_IMSI
    public static final java.lang.String ONTOLOGY_SERVICE_NAME
    public static final java.lang.String ONTOLOGY_SERVICE_TYPE
    public static final java.lang.String ONTOLOGY_SERVICE_LVL1
    public static final java.lang.String ONTOLOGY_SERVICE_LVL2
    public static final java.lang.String ONTOLOGY_SERVICE_DESCRIPTION
    public static final java.lang.String ONTOLOGY_SEARCH_SPACEDISTANCE
    public static final java.lang.String ONTOLOGY_SEARCH_TIMEDISTANCE
    public static final java.lang.String ONTOLOGY_NICK
    public static final java.lang.String ONTOLOGY_PHONENUM
    public static final java.lang.String ONTOLOGY_TAID
    public static final java.lang.String ONTOLOGY_LATITUDE
    public static final java.lang.String ONTOLOGY_LONGITUDE
    public static final java.lang.String ONTOLOGY_IMAGEURI
    public static final java.lang.String ONTOLOGY_MEMBER
    public static final java.lang.String ONTOLOGY_PUBLICATION
    public static final java.lang.String ONTOLOGY_REGISTER
    public static final java.lang.String ONTOLOGY_GENDER
    public static final java.lang.String ONTOLOGY_AGE
    public static final java.lang.String ONTOLOGY_LASTNAME
    public static final java.lang.String ONTOLOGY_PORTRAITFILE
    public static final int CONS_SERVICECODE_DEFAULT
com.ixunta.client.IwantUApp$MSG
com.ixunta.client.IwantUApp$RESPONSE_CODE
...
org.simpleframework.xml.ElementMapUnion:
    public abstract org.simpleframework.xml.ElementMap[] value()
org.simpleframework.xml.ElementUnion:
    public abstract org.simpleframework.xml.Element[] value()
org.simpleframework.xml.Serializer:
    public abstract java.lang.Object read(java.lang.Class,java.lang.String)
    public abstract java.lang.Object read(java.lang.Class,java.io.File)
    public abstract java.lang.Object read(java.lang.Class,java.io.InputStream)
    public abstract java.lang.Object read(java.lang.Class,org.simpleframework.xml.stream.InputNode)
    public abstract java.lang.Object read(java.lang.Class,java.lang.String,boolean)
    public abstract java.lang.Object read(java.lang.Class,java.io.File,boolean)
    public abstract java.lang.Object read(java.lang.Class,java.io.InputStream,boolean)
    public abstract java.lang.Object read(java.lang.Class,java.io.Reader,boolean)
    public abstract java.lang.Object read(java.lang.Class,org.simpleframework.xml.stream.InputNode,boolean)
    public abstract java.lang.Object read(java.lang.Object,java.lang.String)
    public abstract java.lang.Object read(java.lang.Object,java.io.File)
    public abstract java.lang.Object read(java.lang.Object,java.io.InputStream)
    public abstract java.lang.Object read(java.lang.Object,java.io.Reader)
    public abstract java.lang.Object read(java.lang.Object,org.simpleframework.xml.stream.InputNode)
    public abstract java.lang.Object read(java.lang.Object,java.lang.String,boolean)
    public abstract java.lang.Object read(java.lang.Object,java.io.File,boolean)
    public abstract java.lang.Object read(java.lang.Object,java.io.InputStream,boolean)
org.simpleframework.xml.Text:
    public abstract java.lang.String empty()
    public abstract boolean data()
    public abstract boolean required()
org.simpleframework.xml.Version:
    public abstract java.lang.String name()
    public abstract boolean required()
org.simpleframework.xml.convert.Registry
org.simpleframework.xml.convert.RegistryBinder
org.simpleframework.xml.convert.RegistryStrategy
org.simpleframework.xml.core.AnnotationHandler:
    private static final java.lang.String CLASS
    private static final java.lang.String STRING
    private static final java.lang.String REQUIRED
    private static final java.lang.String EQUAL
    80:81:public AnnotationHandler(java.lang.Class)
org.simpleframework.xml.core.AttributeException:
    55:56:public varargs AttributeException(java.lang.Throwable,java.lang.String,java.lang.Object[])
org.simpleframework.xml.core.AttributeLabel:
    93:102:public AttributeLabel(org.simpleframework.xml.core.Contact,org.simpleframework.xml.Attribute,org.simpleframework.xml.stream.Format)
org.simpleframework.xml.core.AttributeParameter:
    89:98:public AttributeParameter(java.lang.reflect.Constructor,org.simpleframework.xml.Attribute,org.simpleframework.xml.stream.Format,int)
org.simpleframework.xml.core.AttributeParameter$Contact:
    245:246:public AttributeParameter$Contact(org.simpleframework.xml.Attribute,java.lang.reflect.Constructor,int)
org.simpleframework.xml.core.ClassInstantiator:
    95:95:public java.lang.Object getInstance()
    152:152:public org.simpleframework.xml.core.Parameter getParameter(java.lang.String)
    164:164:public java.util.List getParameters()
org.simpleframework.xml.core.ClassSchema:
    161:161:public org.simpleframework.xml.core.Decorator getDecorator()
    199:199:public org.simpleframework.xml.core.Label getText()
org.simpleframework.xml.core.Comparer:
    private static final java.lang.String NAME